
/home/runner/work/exp-vane-shear-test-nitk/exp-vane-shear-test-nitk/experiment/simulation/js/ej.web.all.js
  10:627614  error  Parsing error: Invalid number

/home/runner/work/exp-vane-shear-test-nitk/exp-vane-shear-test-nitk/experiment/simulation/js/jquerymin.js
  2:71     warning  'module' is not defined                                                    no-undef
  2:86     warning  'module' is not defined                                                    no-undef
  2:863    warning  'b' is assigned a value but never used                                     no-unused-vars
  2:3050   warning  'r' is assigned a value but never used                                     no-unused-vars
  2:5376   warning  Unexpected control character(s) in regular expression: \x1f, \x1f          no-control-regex
  2:5847   warning  Expected a conditional expression and instead saw an assignment            no-cond-assign
  2:6101   warning  Expected a conditional expression and instead saw an assignment            no-cond-assign
  2:6532   warning  Expected a conditional expression and instead saw an assignment            no-cond-assign
  2:6758   warning  Empty block statement                                                      no-empty
  2:7320   warning  Expected a conditional expression and instead saw an assignment            no-cond-assign
  2:9378   warning  Expected a conditional expression and instead saw an assignment            no-cond-assign
  2:9688   warning  Expected a conditional expression and instead saw an assignment            no-cond-assign
  2:11489  warning  Expected a conditional expression and instead saw an assignment            no-cond-assign
  2:12064  warning  Expected a conditional expression and instead saw an assignment            no-cond-assign
  2:12102  warning  Expected a conditional expression and instead saw an assignment            no-cond-assign
  2:12520  warning  Empty block statement                                                      no-empty
  2:13134  warning  Expected a conditional expression and instead saw an assignment            no-cond-assign
  2:13446  warning  Expected a conditional expression and instead saw an assignment            no-cond-assign
  2:15271  warning  Expected a conditional expression and instead saw an assignment            no-cond-assign
  2:15542  warning  Expected a conditional expression and instead saw an assignment            no-cond-assign
  2:15740  warning  Expected a conditional expression and instead saw an assignment            no-cond-assign
  2:16114  warning  Do not access Object.prototype method 'hasOwnProperty' from target object  no-prototype-builtins
  2:16815  warning  Expected a conditional expression and instead saw an assignment            no-cond-assign
  2:19155  warning  Expected a conditional expression and instead saw an assignment            no-cond-assign
  2:19255  warning  Expected a conditional expression and instead saw an assignment            no-cond-assign
  2:19315  warning  Expected a conditional expression and instead saw an assignment            no-cond-assign
  2:20674  warning  Expected a conditional expression and instead saw an assignment            no-cond-assign
  2:21288  warning  Expected a conditional expression and instead saw an assignment            no-cond-assign
  2:21399  warning  Expected a conditional expression and instead saw an assignment            no-cond-assign
  2:23719  warning  Unnecessary escape character: \/                                           no-useless-escape
  2:33344  warning  Empty block statement                                                      no-empty
  2:37050  warning  Unnecessary escape character: \/                                           no-useless-escape
  2:38265  warning  Expected a conditional expression and instead saw an assignment            no-cond-assign
  2:38405  warning  Expected a conditional expression and instead saw an assignment            no-cond-assign
  2:39039  warning  Empty block statement                                                      no-empty
  2:45778  warning  Unnecessary escape character: \/                                           no-useless-escape
  2:48087  warning  Expected a conditional expression and instead saw an assignment            no-cond-assign
  2:49647  warning  Empty block statement                                                      no-empty
  2:57298  warning  Expected a conditional expression and instead saw an assignment            no-cond-assign
  2:59847  warning  Expected a conditional expression and instead saw an assignment            no-cond-assign
  2:64132  warning  Expected a conditional expression and instead saw an assignment            no-cond-assign
  2:65877  warning  Expected a conditional expression and instead saw an assignment            no-cond-assign
  2:65943  warning  Expected a conditional expression and instead saw an assignment            no-cond-assign
  2:66247  warning  Expected a conditional expression and instead saw an assignment            no-cond-assign
  2:66313  warning  Expected a conditional expression and instead saw an assignment            no-cond-assign
  2:66720  warning  Expected a conditional expression and instead saw an assignment            no-cond-assign
  2:66997  warning  Expected a conditional expression and instead saw an assignment            no-cond-assign
  2:72432  warning  Expected a conditional expression and instead saw an assignment            no-cond-assign
  2:74924  warning  Expected a conditional expression and instead saw an assignment            no-cond-assign
  2:75645  warning  'l.href' is assigned to itself                                             no-self-assign
  2:79204  warning  Empty block statement                                                      no-empty
  2:83243  warning  Expected a conditional expression and instead saw an assignment            no-cond-assign
  2:83243  warning  'l' is assigned a value but never used                                     no-unused-vars
  2:86651  warning  'define' is not defined                                                    no-undef
  2:86663  warning  'define' is not defined                                                    no-undef

/home/runner/work/exp-vane-shear-test-nitk/exp-vane-shear-test-nitk/experiment/simulation/js/vane.js
    2:3   warning  Mixed spaces and tabs                        no-mixed-spaces-and-tabs
    3:3   warning  Mixed spaces and tabs                        no-mixed-spaces-and-tabs
    4:3   warning  Mixed spaces and tabs                        no-mixed-spaces-and-tabs
    9:3   warning  Mixed spaces and tabs                        no-mixed-spaces-and-tabs
   10:3   warning  Mixed spaces and tabs                        no-mixed-spaces-and-tabs
   12:5   warning  'repeat' is assigned a value but never used  no-unused-vars
   14:8   warning  'p2' is assigned a value but never used      no-unused-vars
   14:11  warning  'p3' is assigned a value but never used      no-unused-vars
   20:1   warning  Mixed spaces and tabs                        no-mixed-spaces-and-tabs
   37:3   warning  Mixed spaces and tabs                        no-mixed-spaces-and-tabs
   38:3   warning  Mixed spaces and tabs                        no-mixed-spaces-and-tabs
   39:3   warning  Mixed spaces and tabs                        no-mixed-spaces-and-tabs
   41:3   warning  Mixed spaces and tabs                        no-mixed-spaces-and-tabs
   42:3   warning  Mixed spaces and tabs                        no-mixed-spaces-and-tabs
   46:2   warning  '$' is not defined                           no-undef
   50:2   warning  'el' is not defined                          no-undef
   51:2   warning  'el' is not defined                          no-undef
   52:2   warning  'el' is not defined                          no-undef
   53:2   warning  'answer' is not defined                      no-undef
   53:21  warning  'el' is not defined                          no-undef
   55:6   warning  'j' is not defined                           no-undef
   55:10  warning  'j' is not defined                           no-undef
   55:32  warning  'j' is not defined                           no-undef
   57:3   warning  'opt' is not defined                         no-undef
   57:22  warning  'j' is not defined                           no-undef
   59:3   warning  'el' is not defined                          no-undef
   60:3   warning  'el' is not defined                          no-undef
   60:20  warning  'opt' is not defined                         no-undef
   61:3   warning  'el' is not defined                          no-undef
   61:14  warning  'opt' is not defined                         no-undef
   62:3   warning  'answer' is not defined                      no-undef
   62:22  warning  'el' is not defined                          no-undef
   63:3   warning  '$' is not defined                           no-undef
   65:4   warning  'ca' is not defined                          no-undef
   65:7   warning  '$' is not defined                           no-undef
   66:26  warning  'ca' is not defined                          no-undef
   86:9   warning  'table' is assigned a value but never used   no-unused-vars
   89:3   warning  '$' is not defined                           no-undef
   92:4   warning  '$' is not defined                           no-undef
  102:9   warning  'table' is assigned a value but never used   no-unused-vars
  105:3   warning  '$' is not defined                           no-undef
  108:4   warning  '$' is not defined                           no-undef
  115:5   warning  'h' is assigned a value but never used       no-unused-vars
  119:9   warning  'table' is assigned a value but never used   no-unused-vars
  123:3   warning  '$' is not defined                           no-undef
  129:4   warning  '$' is not defined                           no-undef
  151:10  warning  'navNext' is defined but never used          no-unused-vars
  153:6   warning  'temp' is not defined                        no-undef
  153:13  warning  'temp' is not defined                        no-undef
  153:21  warning  'temp' is not defined                        no-undef
  155:36  warning  'temp' is not defined                        no-undef
  157:2   warning  'simsubscreennum' is not defined             no-undef
  158:35  warning  'simsubscreennum' is not defined             no-undef
  171:10  warning  'highlight' is defined but never used        no-unused-vars
  181:20  warning  'myInt' is not defined                       no-undef
  187:2   warning  'myInt' is not defined                       no-undef
  196:5   warning  'simsubscreennum' is not defined             no-undef
  249:10  warning  'simsubscreennum' is not defined             no-undef
  266:10  warning  'simsubscreennum' is not defined             no-undef
  340:10  warning  'simsubscreennum' is not defined             no-undef
  356:10  warning  'simsubscreennum' is not defined             no-undef
  360:10  warning  'simsubscreennum' is not defined             no-undef
  393:10  warning  'simsubscreennum' is not defined             no-undef
  414:10  warning  'simsubscreennum' is not defined             no-undef
  449:10  warning  'simsubscreennum' is not defined             no-undef
  469:5   warning  'initial' is not defined                     no-undef
  470:8   warning  'initial' is not defined                     no-undef
  477:13  warning  'initial' is not defined                     no-undef
  484:13  warning  'initial' is not defined                     no-undef
  503:10  warning  'simsubscreennum' is not defined             no-undef
  527:5   warning  '$' is not defined                           no-undef
  534:6   warning  '$' is not defined                           no-undef
  538:7   warning  '$' is not defined                           no-undef
  568:10  warning  'simsubscreennum' is not defined             no-undef
  577:3   warning  'finalAngle' is not defined                  no-undef
  578:6   warning  'finalAngle' is not defined                  no-undef
  587:11  warning  'finalAngle' is not defined                  no-undef
  596:11  warning  'finalAngle' is not defined                  no-undef
  605:11  warning  'finalAngle' is not defined                  no-undef
  614:11  warning  'finalAngle' is not defined                  no-undef
  623:11  warning  'finalAngle' is not defined                  no-undef
  677:10  warning  'simsubscreennum' is not defined             no-undef
  698:10  warning  'simsubscreennum' is not defined             no-undef
  700:3   warning  '$' is not defined                           no-undef
  706:10  warning  'simsubscreennum' is not defined             no-undef
  714:10  warning  'simsubscreennum' is not defined             no-undef
  718:3   warning  '$' is not defined                           no-undef
  720:2   warning  Mixed spaces and tabs                        no-mixed-spaces-and-tabs
  722:3   warning  Mixed spaces and tabs                        no-mixed-spaces-and-tabs
  734:3   warning  Mixed spaces and tabs                        no-mixed-spaces-and-tabs
  825:10  warning  'simsubscreennum' is not defined             no-undef

✖ 147 problems (1 error, 146 warnings)

